Determining if the Q_WS_WIN exist failed with the following output:
Change Dir: /home/megha/3D_Printing_PE/Project/MedicalVisualization/src/build/CMakeFiles/CMakeTmp

Run Build Command:"/usr/bin/make" "cmTryCompileExec1276630301/fast"
/usr/bin/make -f CMakeFiles/cmTryCompileExec1276630301.dir/build.make CMakeFiles/cmTryCompileExec1276630301.dir/build
make[1]: Entering directory `/home/megha/3D_Printing_PE/Project/MedicalVisualization/src/build/CMakeFiles/CMakeTmp'
/usr/local/bin/cmake -E cmake_progress_report /home/megha/3D_Printing_PE/Project/MedicalVisualization/src/build/CMakeFiles/CMakeTmp/CMakeFiles 1
Building CXX object CMakeFiles/cmTryCompileExec1276630301.dir/CheckSymbolExists.cxx.o
/usr/bin/c++    -I/usr/include/qt4    -o CMakeFiles/cmTryCompileExec1276630301.dir/CheckSymbolExists.cxx.o -c /home/megha/3D_Printing_PE/Project/MedicalVisualization/src/build/CMakeFiles/CMakeTmp/CheckSymbolExists.cxx
/home/megha/3D_Printing_PE/Project/MedicalVisualization/src/build/CMakeFiles/CMakeTmp/CheckSymbolExists.cxx: In function ‘int main(int, char**)’:
/home/megha/3D_Printing_PE/Project/MedicalVisualization/src/build/CMakeFiles/CMakeTmp/CheckSymbolExists.cxx:8:19: error: ‘Q_WS_WIN’ was not declared in this scope
   return ((int*)(&Q_WS_WIN))[argc];
                   ^
make[1]: Leaving directory `/home/megha/3D_Printing_PE/Project/MedicalVisualization/src/build/CMakeFiles/CMakeTmp'
make[1]: *** [CMakeFiles/cmTryCompileExec1276630301.dir/CheckSymbolExists.cxx.o] Error 1
make: *** [cmTryCompileExec1276630301/fast] Error 2

File /home/megha/3D_Printing_PE/Project/MedicalVisualization/src/build/CMakeFiles/CMakeTmp/CheckSymbolExists.cxx:
/* */
#include <QtCore/qglobal.h>

int main(int argc, char** argv)
{
  (void)argv;
#ifndef Q_WS_WIN
  return ((int*)(&Q_WS_WIN))[argc];
#else
  (void)argc;
  return 0;
#endif
}

Determining if the Q_WS_QWS exist failed with the following output:
Change Dir: /home/megha/3D_Printing_PE/Project/MedicalVisualization/src/build/CMakeFiles/CMakeTmp

Run Build Command:"/usr/bin/make" "cmTryCompileExec3557492002/fast"
/usr/bin/make -f CMakeFiles/cmTryCompileExec3557492002.dir/build.make CMakeFiles/cmTryCompileExec3557492002.dir/build
make[1]: Entering directory `/home/megha/3D_Printing_PE/Project/MedicalVisualization/src/build/CMakeFiles/CMakeTmp'
/usr/local/bin/cmake -E cmake_progress_report /home/megha/3D_Printing_PE/Project/MedicalVisualization/src/build/CMakeFiles/CMakeTmp/CMakeFiles 1
Building CXX object CMakeFiles/cmTryCompileExec3557492002.dir/CheckSymbolExists.cxx.o
/usr/bin/c++    -I/usr/include/qt4    -o CMakeFiles/cmTryCompileExec3557492002.dir/CheckSymbolExists.cxx.o -c /home/megha/3D_Printing_PE/Project/MedicalVisualization/src/build/CMakeFiles/CMakeTmp/CheckSymbolExists.cxx
/home/megha/3D_Printing_PE/Project/MedicalVisualization/src/build/CMakeFiles/CMakeTmp/CheckSymbolExists.cxx: In function ‘int main(int, char**)’:
/home/megha/3D_Printing_PE/Project/MedicalVisualization/src/build/CMakeFiles/CMakeTmp/CheckSymbolExists.cxx:8:19: error: ‘Q_WS_QWS’ was not declared in this scope
   return ((int*)(&Q_WS_QWS))[argc];
                   ^
make[1]: Leaving directory `/home/megha/3D_Printing_PE/Project/MedicalVisualization/src/build/CMakeFiles/CMakeTmp'
make[1]: *** [CMakeFiles/cmTryCompileExec3557492002.dir/CheckSymbolExists.cxx.o] Error 1
make: *** [cmTryCompileExec3557492002/fast] Error 2

File /home/megha/3D_Printing_PE/Project/MedicalVisualization/src/build/CMakeFiles/CMakeTmp/CheckSymbolExists.cxx:
/* */
#include <QtCore/qglobal.h>

int main(int argc, char** argv)
{
  (void)argv;
#ifndef Q_WS_QWS
  return ((int*)(&Q_WS_QWS))[argc];
#else
  (void)argc;
  return 0;
#endif
}

Determining if the Q_WS_MAC exist failed with the following output:
Change Dir: /home/megha/3D_Printing_PE/Project/MedicalVisualization/src/build/CMakeFiles/CMakeTmp

Run Build Command:"/usr/bin/make" "cmTryCompileExec3257787755/fast"
/usr/bin/make -f CMakeFiles/cmTryCompileExec3257787755.dir/build.make CMakeFiles/cmTryCompileExec3257787755.dir/build
make[1]: Entering directory `/home/megha/3D_Printing_PE/Project/MedicalVisualization/src/build/CMakeFiles/CMakeTmp'
/usr/local/bin/cmake -E cmake_progress_report /home/megha/3D_Printing_PE/Project/MedicalVisualization/src/build/CMakeFiles/CMakeTmp/CMakeFiles 1
Building CXX object CMakeFiles/cmTryCompileExec3257787755.dir/CheckSymbolExists.cxx.o
/usr/bin/c++    -I/usr/include/qt4    -o CMakeFiles/cmTryCompileExec3257787755.dir/CheckSymbolExists.cxx.o -c /home/megha/3D_Printing_PE/Project/MedicalVisualization/src/build/CMakeFiles/CMakeTmp/CheckSymbolExists.cxx
/home/megha/3D_Printing_PE/Project/MedicalVisualization/src/build/CMakeFiles/CMakeTmp/CheckSymbolExists.cxx: In function ‘int main(int, char**)’:
/home/megha/3D_Printing_PE/Project/MedicalVisualization/src/build/CMakeFiles/CMakeTmp/CheckSymbolExists.cxx:8:19: error: ‘Q_WS_MAC’ was not declared in this scope
   return ((int*)(&Q_WS_MAC))[argc];
                   ^
make[1]: *** [CMakeFiles/cmTryCompileExec3257787755.dir/CheckSymbolExists.cxx.o] Error 1
make[1]: Leaving directory `/home/megha/3D_Printing_PE/Project/MedicalVisualization/src/build/CMakeFiles/CMakeTmp'
make: *** [cmTryCompileExec3257787755/fast] Error 2

File /home/megha/3D_Printing_PE/Project/MedicalVisualization/src/build/CMakeFiles/CMakeTmp/CheckSymbolExists.cxx:
/* */
#include <QtCore/qglobal.h>

int main(int argc, char** argv)
{
  (void)argv;
#ifndef Q_WS_MAC
  return ((int*)(&Q_WS_MAC))[argc];
#else
  (void)argc;
  return 0;
#endif
}

